{"C:\\Dev\\tutor-app\\src\\main.js": {"path":"C:\\Dev\\tutor-app\\src\\main.js","statementMap":{"0":{"start":{"line":1,"column":24},"end":{"line":1,"column":38}},"1":{"start":{"line":1,"column":51},"end":{"line":1,"column":79}},"2":{"start":{"line":2,"column":15},"end":{"line":2,"column":33}},"3":{"start":{"line":2,"column":50},"end":{"line":2,"column":82}},"4":{"start":{"line":3,"column":16},"end":{"line":3,"column":35}},"5":{"start":{"line":3,"column":53},"end":{"line":3,"column":86}},"6":{"start":{"line":4,"column":0},"end":{"line":4,"column":25}},"7":{"start":{"line":5,"column":18},"end":{"line":5,"column":39}},"8":{"start":{"line":5,"column":59},"end":{"line":5,"column":94}},"9":{"start":{"line":6,"column":15},"end":{"line":6,"column":33}},"10":{"start":{"line":6,"column":50},"end":{"line":6,"column":82}},"11":{"start":{"line":8,"column":11},"end":{"line":8,"column":31}},"12":{"start":{"line":8,"column":44},"end":{"line":8,"column":72}},"13":{"start":{"line":9,"column":13},"end":{"line":9,"column":36}},"14":{"start":{"line":9,"column":51},"end":{"line":9,"column":81}},"15":{"start":{"line":10,"column":14},"end":{"line":10,"column":33}},"16":{"start":{"line":10,"column":49},"end":{"line":10,"column":80}},"17":{"start":{"line":11,"column":22},"end":{"line":11,"column":57}},"18":{"start":{"line":11,"column":81},"end":{"line":11,"column":120}},"19":{"start":{"line":11,"column":159},"end":{"line":11,"column":213}},"20":{"start":{"line":13,"column":0},"end":{"line":13,"column":37}},"21":{"start":{"line":14,"column":0},"end":{"line":14,"column":37}},"22":{"start":{"line":16,"column":12},"end":{"line":16,"column":70}},"23":{"start":{"line":17,"column":14},"end":{"line":17,"column":82}},"24":{"start":{"line":20,"column":0},"end":{"line":48,"column":28}},"25":{"start":{"line":27,"column":30},"end":{"line":27,"column":54}},"26":{"start":{"line":29,"column":53},"end":{"line":29,"column":57}},"27":{"start":{"line":30,"column":4},"end":{"line":42,"column":7}},"28":{"start":{"line":31,"column":6},"end":{"line":31,"column":48}},"29":{"start":{"line":32,"column":6},"end":{"line":41,"column":7}},"30":{"start":{"line":33,"column":22},"end":{"line":33,"column":38}},"31":{"start":{"line":33,"column":47},"end":{"line":33,"column":57}},"32":{"start":{"line":33,"column":69},"end":{"line":33,"column":82}},"33":{"start":{"line":34,"column":8},"end":{"line":37,"column":32}},"34":{"start":{"line":40,"column":8},"end":{"line":40,"column":39}},"35":{"start":{"line":43,"column":4},"end":{"line":43,"column":48}},"36":{"start":{"line":44,"column":4},"end":{"line":44,"column":52}}},"fnMap":{"0":{"name":"_interopRequireDefault","decl":{"start":{"line":11,"column":130},"end":{"line":11,"column":152}},"loc":{"start":{"line":11,"column":158},"end":{"line":11,"column":214}},"line":11},"1":{"name":"render","decl":{"start":{"line":27,"column":19},"end":{"line":27,"column":25}},"loc":{"start":{"line":27,"column":29},"end":{"line":27,"column":55}},"line":27},"2":{"name":"beforeCreate","decl":{"start":{"line":29,"column":25},"end":{"line":29,"column":37}},"loc":{"start":{"line":29,"column":40},"end":{"line":45,"column":3}},"line":29},"3":{"name":"(anonymous_3)","decl":{"start":{"line":30,"column":49},"end":{"line":30,"column":50}},"loc":{"start":{"line":30,"column":65},"end":{"line":42,"column":5}},"line":30}},"branchMap":{"0":{"loc":{"start":{"line":11,"column":166},"end":{"line":11,"column":212}},"type":"cond-expr","locations":[{"start":{"line":11,"column":190},"end":{"line":11,"column":193}},{"start":{"line":11,"column":196},"end":{"line":11,"column":212}}],"line":11},"1":{"loc":{"start":{"line":11,"column":166},"end":{"line":11,"column":187}},"type":"binary-expr","locations":[{"start":{"line":11,"column":166},"end":{"line":11,"column":169}},{"start":{"line":11,"column":173},"end":{"line":11,"column":187}}],"line":11},"2":{"loc":{"start":{"line":32,"column":6},"end":{"line":41,"column":7}},"type":"if","locations":[{"start":{"line":32,"column":6},"end":{"line":41,"column":7}},{"start":{"line":32,"column":6},"end":{"line":41,"column":7}}],"line":32}},"s":{"0":0,"1":0,"2":0,"3":0,"4":0,"5":0,"6":0,"7":0,"8":0,"9":0,"10":0,"11":0,"12":0,"13":0,"14":0,"15":0,"16":0,"17":0,"18":0,"19":0,"20":0,"21":0,"22":0,"23":0,"24":0,"25":0,"26":0,"27":0,"28":0,"29":0,"30":0,"31":0,"32":0,"33":0,"34":0,"35":0,"36":0},"f":{"0":0,"1":0,"2":0,"3":0},"b":{"0":[0,0],"1":[0,0],"2":[0,0]}}
,"C:\\Dev\\tutor-app\\src\\helpers\\firebaseConfig.js": {"path":"C:\\Dev\\tutor-app\\src\\helpers\\firebaseConfig.js","statementMap":{"0":{"start":{"line":1,"column":15},"end":{"line":8,"column":1}}},"fnMap":{},"branchMap":{},"s":{"0":1},"f":{},"b":{},"_coverageSchema":"332fd63041d2c1bcb487cc26dd0d5f7d97098a6c","hash":"f134855c21d9a602f4cea31d38a35caa11bd2111"}
,"C:\\Dev\\tutor-app\\src\\helpers\\navigation.js": {"path":"C:\\Dev\\tutor-app\\src\\helpers\\navigation.js","statementMap":{"0":{"start":{"line":1,"column":13},"end":{"line":1,"column":75}},"1":{"start":{"line":1,"column":95},"end":{"line":14,"column":23}},"2":{"start":{"line":18,"column":17},"end":{"line":31,"column":21}}},"fnMap":{},"branchMap":{},"s":{"0":0,"1":0,"2":0},"f":{},"b":{}}
,"C:\\Dev\\tutor-app\\src\\router\\index.js": {"path":"C:\\Dev\\tutor-app\\src\\router\\index.js","statementMap":{"0":{"start":{"line":1,"column":13},"end":{"line":1,"column":75}},"1":{"start":{"line":1,"column":86},"end":{"line":1,"column":100}},"2":{"start":{"line":1,"column":113},"end":{"line":1,"column":141}},"3":{"start":{"line":2,"column":17},"end":{"line":2,"column":38}},"4":{"start":{"line":2,"column":57},"end":{"line":2,"column":91}},"5":{"start":{"line":4,"column":14},"end":{"line":4,"column":55}},"6":{"start":{"line":4,"column":71},"end":{"line":4,"column":102}},"7":{"start":{"line":5,"column":13},"end":{"line":5,"column":53}},"8":{"start":{"line":5,"column":68},"end":{"line":5,"column":98}},"9":{"start":{"line":6,"column":15},"end":{"line":6,"column":51}},"10":{"start":{"line":6,"column":68},"end":{"line":6,"column":100}},"11":{"start":{"line":7,"column":15},"end":{"line":7,"column":51}},"12":{"start":{"line":7,"column":68},"end":{"line":7,"column":100}},"13":{"start":{"line":8,"column":14},"end":{"line":8,"column":49}},"14":{"start":{"line":8,"column":65},"end":{"line":8,"column":96}},"15":{"start":{"line":9,"column":12},"end":{"line":9,"column":45}},"16":{"start":{"line":9,"column":59},"end":{"line":9,"column":88}},"17":{"start":{"line":10,"column":13},"end":{"line":10,"column":37}},"18":{"start":{"line":10,"column":52},"end":{"line":10,"column":82}},"19":{"start":{"line":10,"column":121},"end":{"line":10,"column":175}},"20":{"start":{"line":12,"column":0},"end":{"line":12,"column":39}},"21":{"start":{"line":14,"column":20},"end":{"line":24,"column":1}},"22":{"start":{"line":15,"column":14},"end":{"line":15,"column":57}},"23":{"start":{"line":16,"column":2},"end":{"line":23,"column":3}},"24":{"start":{"line":17,"column":4},"end":{"line":19,"column":35}},"25":{"start":{"line":22,"column":4},"end":{"line":22,"column":11}},"26":{"start":{"line":26,"column":13},"end":{"line":60,"column":37}},"27":{"start":{"line":65,"column":0},"end":{"line":88,"column":3}},"28":{"start":{"line":66,"column":2},"end":{"line":85,"column":13}},"29":{"start":{"line":68,"column":6},"end":{"line":68,"column":57}},"30":{"start":{"line":69,"column":6},"end":{"line":69,"column":12}},"31":{"start":{"line":71,"column":6},"end":{"line":71,"column":56}},"32":{"start":{"line":72,"column":6},"end":{"line":72,"column":12}},"33":{"start":{"line":74,"column":6},"end":{"line":74,"column":63}},"34":{"start":{"line":75,"column":6},"end":{"line":75,"column":12}},"35":{"start":{"line":77,"column":6},"end":{"line":77,"column":61}},"36":{"start":{"line":78,"column":6},"end":{"line":78,"column":12}},"37":{"start":{"line":81,"column":6},"end":{"line":81,"column":59}},"38":{"start":{"line":82,"column":6},"end":{"line":82,"column":12}},"39":{"start":{"line":84,"column":6},"end":{"line":84,"column":60}},"40":{"start":{"line":85,"column":6},"end":{"line":85,"column":12}},"41":{"start":{"line":87,"column":2},"end":{"line":87,"column":9}},"42":{"start":{"line":88,"column":3},"end":{"line":90,"column":7}}},"fnMap":{"0":{"name":"_interopRequireDefault","decl":{"start":{"line":10,"column":92},"end":{"line":10,"column":114}},"loc":{"start":{"line":10,"column":120},"end":{"line":10,"column":176}},"line":10},"1":{"name":"checkFromAuth","decl":{"start":{"line":14,"column":29},"end":{"line":14,"column":42}},"loc":{"start":{"line":14,"column":59},"end":{"line":24,"column":1}},"line":14},"2":{"name":"(anonymous_2)","decl":{"start":{"line":65,"column":18},"end":{"line":65,"column":19}},"loc":{"start":{"line":65,"column":44},"end":{"line":88,"column":1}},"line":65}},"branchMap":{"0":{"loc":{"start":{"line":10,"column":128},"end":{"line":10,"column":174}},"type":"cond-expr","locations":[{"start":{"line":10,"column":152},"end":{"line":10,"column":155}},{"start":{"line":10,"column":158},"end":{"line":10,"column":174}}],"line":10},"1":{"loc":{"start":{"line":10,"column":128},"end":{"line":10,"column":149}},"type":"binary-expr","locations":[{"start":{"line":10,"column":128},"end":{"line":10,"column":131}},{"start":{"line":10,"column":135},"end":{"line":10,"column":149}}],"line":10},"2":{"loc":{"start":{"line":16,"column":2},"end":{"line":23,"column":3}},"type":"if","locations":[{"start":{"line":16,"column":2},"end":{"line":23,"column":3}},{"start":{"line":16,"column":2},"end":{"line":23,"column":3}}],"line":16},"3":{"loc":{"start":{"line":66,"column":2},"end":{"line":85,"column":13}},"type":"switch","locations":[{"start":{"line":67,"column":4},"end":{"line":69,"column":12}},{"start":{"line":70,"column":4},"end":{"line":72,"column":12}},{"start":{"line":73,"column":4},"end":{"line":75,"column":12}},{"start":{"line":76,"column":4},"end":{"line":78,"column":12}},{"start":{"line":79,"column":4},"end":{"line":79,"column":20}},{"start":{"line":80,"column":4},"end":{"line":82,"column":12}},{"start":{"line":83,"column":4},"end":{"line":85,"column":12}}],"line":66}},"s":{"0":0,"1":0,"2":0,"3":0,"4":0,"5":0,"6":0,"7":0,"8":0,"9":0,"10":0,"11":0,"12":0,"13":0,"14":0,"15":0,"16":0,"17":0,"18":0,"19":0,"20":0,"21":0,"22":0,"23":0,"24":0,"25":0,"26":0,"27":0,"28":0,"29":0,"30":0,"31":0,"32":0,"33":0,"34":0,"35":0,"36":0,"37":0,"38":0,"39":0,"40":0,"41":0,"42":0},"f":{"0":0,"1":0,"2":0},"b":{"0":[0,0],"1":[0,0],"2":[0,0],"3":[0,0,0,0,0,0,0]}}
,"C:\\Dev\\tutor-app\\src\\vuex\\store.js": {"path":"C:\\Dev\\tutor-app\\src\\vuex\\store.js","statementMap":{"0":{"start":{"line":5,"column":0},"end":{"line":5,"column":14}},"1":{"start":{"line":7,"column":21},"end":{"line":13,"column":1}},"2":{"start":{"line":16,"column":18},"end":{"line":34,"column":1}},"3":{"start":{"line":18,"column":4},"end":{"line":18,"column":22}},"4":{"start":{"line":22,"column":4},"end":{"line":22,"column":24}},"5":{"start":{"line":26,"column":4},"end":{"line":26,"column":28}},"6":{"start":{"line":30,"column":4},"end":{"line":30,"column":28}},"7":{"start":{"line":37,"column":16},"end":{"line":47,"column":1}},"8":{"start":{"line":38,"column":33},"end":{"line":38,"column":57}},"9":{"start":{"line":39,"column":35},"end":{"line":39,"column":62}},"10":{"start":{"line":40,"column":39},"end":{"line":40,"column":71}},"11":{"start":{"line":41,"column":39},"end":{"line":41,"column":70}},"12":{"start":{"line":45,"column":4},"end":{"line":45,"column":36}},"13":{"start":{"line":49,"column":16},"end":{"line":55,"column":1}},"14":{"start":{"line":50,"column":17},"end":{"line":50,"column":27}},"15":{"start":{"line":51,"column":18},"end":{"line":51,"column":29}},"16":{"start":{"line":52,"column":20},"end":{"line":52,"column":33}},"17":{"start":{"line":53,"column":22},"end":{"line":53,"column":37}},"18":{"start":{"line":54,"column":20},"end":{"line":54,"column":33}}},"fnMap":{"0":{"name":"(anonymous_0)","decl":{"start":{"line":38,"column":11},"end":{"line":38,"column":12}},"loc":{"start":{"line":38,"column":33},"end":{"line":38,"column":57}},"line":38},"1":{"name":"(anonymous_1)","decl":{"start":{"line":39,"column":12},"end":{"line":39,"column":13}},"loc":{"start":{"line":39,"column":35},"end":{"line":39,"column":62}},"line":39},"2":{"name":"(anonymous_2)","decl":{"start":{"line":40,"column":14},"end":{"line":40,"column":15}},"loc":{"start":{"line":40,"column":39},"end":{"line":40,"column":71}},"line":40},"3":{"name":"(anonymous_3)","decl":{"start":{"line":41,"column":16},"end":{"line":41,"column":17}},"loc":{"start":{"line":41,"column":39},"end":{"line":41,"column":70}},"line":41},"4":{"name":"(anonymous_4)","decl":{"start":{"line":42,"column":32},"end":{"line":42,"column":33}},"loc":{"start":{"line":44,"column":13},"end":{"line":46,"column":3}},"line":44},"5":{"name":"(anonymous_5)","decl":{"start":{"line":50,"column":8},"end":{"line":50,"column":9}},"loc":{"start":{"line":50,"column":17},"end":{"line":50,"column":27}},"line":50},"6":{"name":"(anonymous_6)","decl":{"start":{"line":51,"column":9},"end":{"line":51,"column":10}},"loc":{"start":{"line":51,"column":18},"end":{"line":51,"column":29}},"line":51},"7":{"name":"(anonymous_7)","decl":{"start":{"line":52,"column":11},"end":{"line":52,"column":12}},"loc":{"start":{"line":52,"column":20},"end":{"line":52,"column":33}},"line":52},"8":{"name":"(anonymous_8)","decl":{"start":{"line":53,"column":13},"end":{"line":53,"column":14}},"loc":{"start":{"line":53,"column":22},"end":{"line":53,"column":37}},"line":53},"9":{"name":"(anonymous_9)","decl":{"start":{"line":54,"column":11},"end":{"line":54,"column":12}},"loc":{"start":{"line":54,"column":20},"end":{"line":54,"column":33}},"line":54}},"branchMap":{},"s":{"0":1,"1":1,"2":1,"3":2,"4":1,"5":0,"6":0,"7":1,"8":2,"9":1,"10":0,"11":0,"12":0,"13":1,"14":1,"15":1,"16":0,"17":0,"18":0},"f":{"0":2,"1":1,"2":0,"3":0,"4":0,"5":1,"6":1,"7":0,"8":0,"9":0},"b":{},"_coverageSchema":"332fd63041d2c1bcb487cc26dd0d5f7d97098a6c","hash":"98c1f4e3b979a271afa9f0296a3c1958efbf5c46"}
}
